{
  "RSpec": {
    "coverage": {
      "/home/ec2-user/environment/TAMatch/app/helpers/applicants_helper.rb": [
        1,
        null
      ],
      "/home/ec2-user/environment/TAMatch/app/helpers/application_helper.rb": [
        1,
        null
      ],
      "/home/ec2-user/environment/TAMatch/app/helpers/course_overview_helper.rb": [
        1,
        null
      ],
      "/home/ec2-user/environment/TAMatch/app/helpers/dashboard_helper.rb": [
        1,
        null
      ],
      "/home/ec2-user/environment/TAMatch/app/helpers/instructors_helper.rb": [
        1,
        null
      ],
      "/home/ec2-user/environment/TAMatch/app/helpers/prof_ranking_helper.rb": [
        1,
        null
      ],
      "/home/ec2-user/environment/TAMatch/app/helpers/session_helper.rb": [
        1,
        null
      ],
      "/home/ec2-user/environment/TAMatch/app/helpers/static_helper.rb": [
        1,
        null
      ],
      "/home/ec2-user/environment/TAMatch/app/helpers/ta_application_helper.rb": [
        1,
        null
      ],
      "/home/ec2-user/environment/TAMatch/app/helpers/taapps_helper.rb": [
        1,
        null
      ],
      "/home/ec2-user/environment/TAMatch/app/helpers/users_helper.rb": [
        1,
        null
      ],
      "/home/ec2-user/environment/TAMatch/app/controllers/applicants_controller.rb": [
        1,
        null
      ],
      "/home/ec2-user/environment/TAMatch/app/controllers/application_controller.rb": [
        1,
        1,
        1,
        null,
        1,
        1,
        1,
        1,
        19,
        19,
        19,
        19,
        null,
        null,
        null,
        1,
        290,
        42,
        1,
        null,
        null
      ],
      "/home/ec2-user/environment/TAMatch/app/controllers/passwordless.rb": [
        null,
        null,
        1,
        null,
        1,
        null,
        null,
        null,
        null,
        null,
        null,
        null,
        null,
        null,
        null,
        null,
        null,
        null,
        null,
        null,
        null,
        null,
        null,
        null,
        null,
        null,
        null,
        null,
        null,
        null,
        null,
        null,
        null,
        null,
        null,
        null,
        null,
        null,
        null,
        null,
        null,
        null,
        null,
        null,
        null,
        null,
        null,
        null,
        null,
        null,
        null,
        null,
        null,
        null,
        null,
        null,
        null,
        null,
        null,
        null,
        null,
        null,
        null,
        null,
        null,
        null,
        null,
        null,
        null,
        null,
        null,
        null,
        null,
        null,
        null,
        null,
        null,
        null,
        null,
        null,
        null,
        null,
        null,
        null,
        null
      ],
      "/home/ec2-user/environment/TAMatch/app/controllers/taapps_controller.rb": [
        1,
        1,
        0,
        null,
        null,
        null,
        null,
        1,
        0,
        0,
        null,
        0,
        null,
        null,
        null,
        1,
        0,
        0,
        null,
        null,
        null
      ],
      "/home/ec2-user/environment/TAMatch/app/jobs/matchmaker.rb": [
        null,
        null,
        null,
        null,
        null,
        null,
        null,
        null,
        null,
        null,
        null,
        null,
        null,
        null,
        null,
        null,
        null,
        null,
        null,
        null,
        null,
        null,
        null,
        1,
        null,
        1,
        null,
        1,
        1,
        79,
        79,
        79,
        79,
        null,
        1,
        1,
        null,
        1,
        72,
        null,
        null,
        1,
        361,
        null,
        null,
        1,
        52,
        52,
        null,
        null,
        1,
        2313,
        null,
        null,
        1,
        2329,
        2329,
        2329,
        2329,
        2316,
        2313,
        2243,
        null,
        null,
        1,
        60,
        60,
        60,
        null,
        null,
        1,
        60,
        29,
        29,
        31,
        13,
        13,
        13,
        null,
        18,
        null,
        null,
        null,
        1,
        2543,
        null,
        null,
        null,
        1,
        1,
        11,
        null,
        null,
        1,
        7,
        7,
        3,
        3,
        3,
        null,
        4,
        4,
        40,
        null,
        4,
        39,
        null,
        44,
        43,
        4,
        null,
        null,
        1,
        6,
        32,
        33,
        304,
        60,
        174,
        60,
        null,
        3,
        32,
        null,
        null,
        1,
        4,
        4,
        39,
        39,
        null,
        39,
        72,
        16,
        16,
        null,
        null,
        39,
        95,
        16,
        16,
        null,
        null,
        null,
        null,
        4,
        3,
        null,
        1,
        16,
        null,
        1,
        null,
        null,
        null,
        null,
        null
      ],
      "/home/ec2-user/environment/TAMatch/app/models/applicant.rb": [
        1,
        null,
        1,
        1,
        null,
        1,
        null,
        null,
        null,
        null
      ],
      "/home/ec2-user/environment/TAMatch/app/models/application_record.rb": [
        1,
        1,
        null
      ],
      "/home/ec2-user/environment/TAMatch/app/models/course.rb": [
        1,
        1,
        null,
        1,
        null,
        4,
        4,
        4,
        1,
        3,
        null,
        null,
        null,
        3,
        3,
        3,
        3,
        null,
        null,
        null,
        1,
        null,
        4,
        null,
        null,
        1,
        1,
        null,
        null
      ],
      "/home/ec2-user/environment/TAMatch/app/models/taapp.rb": [
        1,
        null
      ],
      "/home/ec2-user/environment/TAMatch/app/models/user.rb": [
        1,
        null,
        1,
        1,
        1,
        null,
        null,
        1,
        2,
        null,
        2,
        null,
        2,
        null,
        1,
        null,
        null,
        1,
        42,
        42,
        42,
        42,
        null,
        null,
        1,
        null,
        2,
        null,
        null,
        null,
        1,
        20,
        null,
        null,
        1,
        null,
        40,
        40,
        null,
        1,
        60,
        null,
        null,
        1,
        null,
        1,
        42,
        null,
        null,
        null,
        null,
        null,
        1,
        2,
        2,
        2,
        2,
        null,
        2,
        2,
        2,
        2,
        1,
        null,
        null,
        null
      ],
      "/home/ec2-user/environment/TAMatch/app/controllers/session_controller.rb": [
        1,
        1,
        119,
        null,
        119,
        null,
        119,
        99,
        20,
        1,
        null,
        19,
        19,
        null,
        null,
        null,
        null,
        null,
        1,
        3,
        3,
        null,
        3,
        2,
        null,
        1,
        1,
        null,
        null,
        null,
        1,
        2,
        2,
        1,
        1,
        1,
        null,
        1,
        null,
        1,
        null,
        null
      ],
      "/home/ec2-user/environment/TAMatch/app/controllers/dashboard_controller.rb": [
        1,
        null,
        1,
        20,
        null,
        20,
        20,
        null,
        10,
        null,
        4,
        null,
        6,
        null,
        null,
        null,
        null,
        null
      ],
      "/home/ec2-user/environment/TAMatch/app/controllers/instructors_controller.rb": [
        1,
        1,
        12,
        null,
        1,
        3,
        3,
        3,
        1,
        2,
        1,
        null,
        1,
        1,
        1,
        null,
        null,
        1,
        3,
        3,
        3,
        1,
        2,
        1,
        null,
        1,
        1,
        1,
        null,
        null,
        null
      ],
      "/home/ec2-user/environment/TAMatch/app/controllers/ta_application_controller.rb": [
        1,
        1,
        null,
        null,
        null
      ],
      "/home/ec2-user/environment/TAMatch/app/controllers/static_controller.rb": [
        1,
        1,
        null,
        null
      ],
      "/home/ec2-user/environment/TAMatch/app/controllers/prof_ranking_controller.rb": [
        1,
        1,
        null,
        null
      ],
      "/home/ec2-user/environment/TAMatch/app/controllers/users_controller.rb": [
        1,
        null,
        1,
        7,
        null,
        null,
        1,
        1,
        1,
        1,
        1,
        null,
        null,
        1,
        null,
        1,
        1,
        null,
        null
      ],
      "/home/ec2-user/environment/TAMatch/app/mailers/application_mailer.rb": [
        1,
        1,
        null,
        null,
        null,
        1,
        2,
        2,
        2,
        null,
        null
      ],
      "/home/ec2-user/environment/TAMatch/app/controllers/course_overview_controller.rb": [
        1,
        1,
        1,
        1,
        null,
        null
      ],
      "/home/ec2-user/environment/TAMatch/app/helpers/class_import.rb": [

      ]
    },
    "timestamp": 1547111683
  }
}
