{
  "RSpec": {
    "coverage": {
      "/home/ec2-user/environment/Heroku/young-lowlands-69353/app/helpers/application_helper.rb": [
        1,
        null
      ],
      "/home/ec2-user/environment/Heroku/young-lowlands-69353/app/helpers/dashboard_helper.rb": [
        1,
        null
      ],
      "/home/ec2-user/environment/Heroku/young-lowlands-69353/app/helpers/prof_ranking_helper.rb": [
        1,
        null
      ],
      "/home/ec2-user/environment/Heroku/young-lowlands-69353/app/helpers/session_helper.rb": [
        1,
        null
      ],
      "/home/ec2-user/environment/Heroku/young-lowlands-69353/app/helpers/static_helper.rb": [
        1,
        null
      ],
      "/home/ec2-user/environment/Heroku/young-lowlands-69353/app/helpers/ta_application_helper.rb": [
        1,
        null
      ],
      "/home/ec2-user/environment/Heroku/young-lowlands-69353/app/helpers/users_helper.rb": [
        1,
        null
      ],
      "/home/ec2-user/environment/Heroku/young-lowlands-69353/lib/matchmaker.rb": [
        null,
        null,
        null,
        null,
        null,
        null,
        null,
        null,
        null,
        null,
        null,
        null,
        null,
        null,
        null,
        null,
        null,
        null,
        null,
        null,
        null,
        null,
        null,
        1,
        null,
        1,
        null,
        1,
        1,
        59,
        59,
        59,
        59,
        null,
        1,
        1,
        null,
        1,
        0,
        null,
        null,
        1,
        72,
        null,
        null,
        1,
        361,
        null,
        null,
        1,
        42,
        42,
        null,
        null,
        1,
        1343,
        null,
        null,
        1,
        1359,
        1359,
        1359,
        1359,
        1346,
        1343,
        1343,
        null,
        0,
        null,
        null,
        null,
        1,
        60,
        60,
        60,
        null,
        null,
        1,
        60,
        29,
        29,
        31,
        13,
        13,
        13,
        null,
        18,
        null,
        null,
        null,
        1,
        1476,
        null,
        null,
        null,
        1,
        1,
        9,
        null,
        null,
        1,
        6,
        6,
        3,
        3,
        3,
        null,
        3,
        3,
        30,
        null,
        3,
        29,
        null,
        33,
        32,
        3,
        null,
        null,
        1,
        6,
        32,
        33,
        304,
        60,
        174,
        60,
        null,
        3,
        32,
        null,
        null,
        1,
        3,
        3,
        29,
        29,
        null,
        29,
        31,
        0,
        0,
        null,
        null,
        29,
        59,
        0,
        0,
        null,
        null,
        null,
        null,
        3,
        3,
        null,
        0,
        0,
        null,
        0,
        null,
        null,
        null,
        null,
        null
      ],
      "/home/ec2-user/environment/Heroku/young-lowlands-69353/app/controllers/users_controller.rb": [
        1,
        null,
        1,
        7,
        null,
        null,
        1,
        1,
        1,
        1,
        null,
        1,
        1,
        null,
        0,
        null,
        null,
        null,
        1,
        null,
        1,
        1,
        null,
        null
      ],
      "/home/ec2-user/environment/Heroku/young-lowlands-69353/app/controllers/application_controller.rb": [
        1,
        1,
        1,
        null,
        1,
        1,
        1,
        1,
        7,
        7,
        7,
        7,
        null,
        null,
        1,
        1,
        0,
        0,
        null,
        null,
        1,
        0,
        0,
        null,
        null,
        1,
        236,
        9,
        0,
        null,
        null
      ],
      "/home/ec2-user/environment/Heroku/young-lowlands-69353/app/controllers/passwordless.rb": [
        null,
        null,
        1,
        null,
        1,
        null,
        null,
        null,
        null,
        null,
        null,
        1,
        0,
        0,
        0,
        0,
        null,
        null,
        null,
        null,
        null,
        null,
        null,
        null,
        null,
        null,
        1,
        0,
        0,
        0,
        null,
        0,
        null,
        null,
        null,
        null,
        null,
        null,
        1,
        0,
        0,
        0,
        null,
        null,
        null,
        null,
        null,
        1,
        0,
        0,
        0,
        0,
        null,
        null,
        null,
        null,
        null,
        null,
        1,
        0,
        null,
        null,
        null,
        null,
        null,
        null,
        null,
        1,
        0,
        null,
        null,
        1,
        null,
        1,
        0,
        null,
        null,
        1,
        0,
        null,
        null,
        null
      ],
      "/home/ec2-user/environment/Heroku/young-lowlands-69353/app/models/user.rb": [
        1,
        null,
        1,
        1,
        1,
        null,
        1,
        0,
        null,
        null,
        1,
        1,
        null,
        null,
        1,
        null,
        1,
        null,
        null,
        1,
        15,
        15,
        15,
        15,
        null,
        null,
        1,
        null,
        1,
        null,
        null,
        null,
        1,
        7,
        null,
        null,
        1,
        null,
        14,
        14,
        null,
        null,
        1,
        null,
        1,
        15,
        null,
        null,
        1,
        21,
        null,
        null,
        null,
        null,
        null,
        null,
        null,
        null,
        null,
        null,
        null,
        null,
        null,
        null,
        null,
        null,
        null,
        1,
        0,
        0,
        0,
        0,
        null,
        0,
        0,
        0,
        0,
        0,
        null,
        null,
        null
      ],
      "/home/ec2-user/environment/Heroku/young-lowlands-69353/app/models/application_record.rb": [
        1,
        1,
        null
      ],
      "/home/ec2-user/environment/Heroku/young-lowlands-69353/app/mailers/application_mailer.rb": [
        1,
        1,
        null,
        null,
        null,
        1,
        1,
        1,
        1,
        null,
        null
      ],
      "/home/ec2-user/environment/Heroku/young-lowlands-69353/app/controllers/static_controller.rb": [
        1,
        1,
        null,
        null
      ],
      "/home/ec2-user/environment/Heroku/young-lowlands-69353/app/controllers/session_controller.rb": [
        1,
        1,
        106,
        null,
        106,
        106,
        99,
        7,
        0,
        null,
        7,
        7,
        null,
        null,
        null,
        null,
        1,
        0,
        0,
        0,
        null,
        0,
        0,
        null,
        0,
        0,
        null,
        null,
        null,
        1,
        2,
        2,
        null,
        2,
        2,
        null,
        0,
        0,
        null,
        null,
        null,
        1,
        0,
        0,
        null,
        0,
        0,
        null,
        0,
        null,
        null,
        null,
        0,
        null,
        null,
        0,
        null,
        null
      ],
      "/home/ec2-user/environment/Heroku/young-lowlands-69353/app/controllers/dashboard_controller.rb": [
        1,
        null,
        1,
        7,
        null,
        7,
        7,
        null,
        2,
        null,
        2,
        null,
        3,
        null,
        null,
        null,
        null,
        null
      ],
      "/home/ec2-user/environment/Heroku/young-lowlands-69353/app/controllers/ta_application_controller.rb": [
        1,
        1,
        null,
        null
      ],
      "/home/ec2-user/environment/Heroku/young-lowlands-69353/app/controllers/prof_ranking_controller.rb": [
        1,
        1,
        null,
        null
      ],
      "/home/ec2-user/environment/Heroku/young-lowlands-69353/app/mailers/user_mailer.rb": [
        0,
        0
      ],
      "/home/ec2-user/environment/Heroku/young-lowlands-69353/app/jobs/application_job.rb": [
        0,
        0
      ],
      "/home/ec2-user/environment/Heroku/young-lowlands-69353/app/channels/application_cable/connection.rb": [
        0,
        0,
        0,
        0
      ],
      "/home/ec2-user/environment/Heroku/young-lowlands-69353/app/channels/application_cable/channel.rb": [
        0,
        0,
        0,
        0
      ],
      "/home/ec2-user/environment/Heroku/young-lowlands-69353/app/controllers/passwordless/sessions_controller.rb": [
        null,
        null,
        0,
        null,
        0,
        null,
        0,
        null,
        0,
        null,
        0,
        null,
        null,
        null,
        null,
        0,
        0,
        0,
        0,
        null,
        null,
        null,
        null,
        null,
        0,
        0,
        null,
        0,
        0,
        0,
        null,
        0,
        0,
        null,
        null,
        null,
        null,
        null,
        null,
        null,
        null,
        null,
        0,
        null,
        0,
        null,
        0,
        0,
        null,
        0,
        null,
        0,
        0,
        null,
        0,
        0,
        0,
        0,
        0,
        0,
        0,
        0,
        0,
        null,
        null,
        null,
        null,
        null,
        0,
        0,
        0,
        0,
        null,
        0,
        null,
        0,
        0,
        0,
        null,
        0,
        0,
        0,
        null,
        0,
        0,
        0,
        null,
        0,
        0,
        0,
        null,
        0,
        0,
        null,
        0,
        0,
        0,
        0,
        0,
        0,
        0,
        0,
        null,
        0,
        0,
        0,
        0,
        0,
        0,
        0,
        0
      ],
      "/home/ec2-user/environment/Heroku/young-lowlands-69353/app/controllers/passwordless/application_controller.rb": [
        null,
        null,
        0,
        null,
        0,
        0,
        null,
        null,
        null,
        null,
        0,
        0,
        0,
        0,
        0
      ],
      "/home/ec2-user/environment/Heroku/young-lowlands-69353/lib/login_controller.rb": [
        0,
        null,
        0
      ]
    },
    "timestamp": 1547033537
  }
}
